# JRE version: Java(TM) SE Runtime Environment (8.0_121-b13) (build 1.8.0_121-b13)
# Java VM: Java HotSpot(TM) 64-Bit Server VM (25.121-b13 mixed mode windows-amd64 compressed oops)
Heap:
 PSYoungGen      total 124928K, used 14376K [0x00000000d5580000, 0x00000000dda00000, 0x0000000100000000)
  eden space 114688K, 12% used [0x00000000d5580000,0x00000000d638a3c8,0x00000000dc580000)
  from space 10240K, 0% used [0x00000000dc580000,0x00000000dc580000,0x00000000dcf80000)
  to   space 8704K, 0% used [0x00000000dcf80000,0x00000000dcf80000,0x00000000dd800000)
 ParOldGen       total 50688K, used 21606K [0x0000000080000000, 0x0000000083180000, 0x00000000d5580000)
  object space 50688K, 42% used [0x0000000080000000,0x0000000081519a68,0x0000000083180000)
 Metaspace       used 37263K, capacity 39072K, committed 39296K, reserved 1083392K
  class space    used 5050K, capacity 5390K, committed 5504K, reserved 1048576K
GC Heap History (10 events):
Event: 5.094 GC heap before
{Heap before GC invocations=8 (full 1):
 PSYoungGen      total 123392K, used 123390K [0x00000000d5580000, 0x00000000dda00000, 0x0000000100000000)
  eden space 114688K, 100% used [0x00000000d5580000,0x00000000dc580000,0x00000000dc580000)
  from space 8704K, 99% used [0x00000000dcf80000,0x00000000dd7ff958,0x00000000dd800000)
  to   space 10240K, 0% used [0x00000000dc580000,0x00000000dc580000,0x00000000dcf80000)
 ParOldGen       total 50688K, used 8127K [0x0000000080000000, 0x0000000083180000, 0x00000000d5580000)
  object space 50688K, 16% used [0x0000000080000000,0x00000000807efeb0,0x0000000083180000)
 Metaspace       used 33031K, capacity 34612K, committed 34816K, reserved 1079296K
  class space    used 4470K, capacity 4775K, committed 4864K, reserved 1048576K
Event: 5.137 GC heap after
Heap after GC invocations=8 (full 1):
 PSYoungGen      total 124928K, used 10211K [0x00000000d5580000, 0x00000000dda00000, 0x0000000100000000)
  eden space 114688K, 0% used [0x00000000d5580000,0x00000000d5580000,0x00000000dc580000)
  from space 10240K, 99% used [0x00000000dc580000,0x00000000dcf78f60,0x00000000dcf80000)
  to   space 8704K, 0% used [0x00000000dcf80000,0x00000000dcf80000,0x00000000dd800000)
 ParOldGen       total 50688K, used 19217K [0x0000000080000000, 0x0000000083180000, 0x00000000d5580000)
  object space 50688K, 37% used [0x0000000080000000,0x00000000812c4578,0x0000000083180000)
 Metaspace       used 33031K, capacity 34612K, committed 34816K, reserved 1079296K
  class space    used 4470K, capacity 4775K, committed 4864K, reserved 1048576K
}
Event: 5.262 GC heap before
{Heap before GC invocations=9 (full 1):
 PSYoungGen      total 124928K, used 21784K [0x00000000d5580000, 0x00000000dda00000, 0x0000000100000000)
  eden space 114688K, 10% used [0x00000000d5580000,0x00000000d60cd1a8,0x00000000dc580000)
  from space 10240K, 99% used [0x00000000dc580000,0x00000000dcf78f60,0x00000000dcf80000)
  to   space 8704K, 0% used [0x00000000dcf80000,0x00000000dcf80000,0x00000000dd800000)
 ParOldGen       total 50688K, used 19217K [0x0000000080000000, 0x0000000083180000, 0x00000000d5580000)
  object space 50688K, 37% used [0x0000000080000000,0x00000000812c4578,0x0000000083180000)
 Metaspace       used 33629K, capacity 35324K, committed 35456K, reserved 1079296K
  class space    used 4566K, capacity 4900K, committed 4992K, reserved 1048576K
Event: 5.272 GC heap after
Heap after GC invocations=9 (full 1):
 PSYoungGen      total 123392K, used 8684K [0x00000000d5580000, 0x00000000dda00000, 0x0000000100000000)
  eden space 114688K, 0% used [0x00000000d5580000,0x00000000d5580000,0x00000000dc580000)
  from space 8704K, 99% used [0x00000000dcf80000,0x00000000dd7fb340,0x00000000dd800000)
  to   space 10240K, 0% used [0x00000000dc580000,0x00000000dc580000,0x00000000dcf80000)
 ParOldGen       total 50688K, used 21490K [0x0000000080000000, 0x0000000083180000, 0x00000000d5580000)
  object space 50688K, 42% used [0x0000000080000000,0x00000000814fcbe0,0x0000000083180000)
 Metaspace       used 33629K, capacity 35324K, committed 35456K, reserved 1079296K
  class space    used 4566K, capacity 4900K, committed 4992K, reserved 1048576K
}
Event: 5.272 GC heap before
{Heap before GC invocations=10 (full 2):
 PSYoungGen      total 123392K, used 8684K [0x00000000d5580000, 0x00000000dda00000, 0x0000000100000000)
  eden space 114688K, 0% used [0x00000000d5580000,0x00000000d5580000,0x00000000dc580000)
  from space 8704K, 99% used [0x00000000dcf80000,0x00000000dd7fb340,0x00000000dd800000)
  to   space 10240K, 0% used [0x00000000dc580000,0x00000000dc580000,0x00000000dcf80000)
 ParOldGen       total 50688K, used 21490K [0x0000000080000000, 0x0000000083180000, 0x00000000d5580000)
  object space 50688K, 42% used [0x0000000080000000,0x00000000814fcbe0,0x0000000083180000)
 Metaspace       used 33629K, capacity 35324K, committed 35456K, reserved 1079296K
  class space    used 4566K, capacity 4900K, committed 4992K, reserved 1048576K
Event: 5.378 GC heap after
Heap after GC invocations=10 (full 2):
 PSYoungGen      total 123392K, used 0K [0x00000000d5580000, 0x00000000dda00000, 0x0000000100000000)
  eden space 114688K, 0% used [0x00000000d5580000,0x00000000d5580000,0x00000000dc580000)
  from space 8704K, 0% used [0x00000000dcf80000,0x00000000dcf80000,0x00000000dd800000)
  to   space 10240K, 0% used [0x00000000dc580000,0x00000000dc580000,0x00000000dcf80000)
 ParOldGen       total 50688K, used 19282K [0x0000000080000000, 0x0000000083180000, 0x00000000d5580000)
  object space 50688K, 38% used [0x0000000080000000,0x00000000812d4ad8,0x0000000083180000)
 Metaspace       used 33629K, capacity 35324K, committed 35456K, reserved 1079296K
  class space    used 4566K, capacity 4900K, committed 4992K, reserved 1048576K
}
Event: 6.100 GC heap before
{Heap before GC invocations=11 (full 2):
 PSYoungGen      total 123392K, used 40514K [0x00000000d5580000, 0x00000000dda00000, 0x0000000100000000)
  eden space 114688K, 35% used [0x00000000d5580000,0x00000000d7d109e8,0x00000000dc580000)
  from space 8704K, 0% used [0x00000000dcf80000,0x00000000dcf80000,0x00000000dd800000)
  to   space 10240K, 0% used [0x00000000dc580000,0x00000000dc580000,0x00000000dcf80000)
 ParOldGen       total 50688K, used 19282K [0x0000000080000000, 0x0000000083180000, 0x00000000d5580000)
  object space 50688K, 38% used [0x0000000080000000,0x00000000812d4ad8,0x0000000083180000)
 Metaspace       used 35628K, capacity 37394K, committed 37504K, reserved 1085440K
  class space    used 4845K, capacity 5183K, committed 5248K, reserved 1048576K
Event: 6.108 GC heap after
Heap after GC invocations=11 (full 2):
 PSYoungGen      total 124928K, used 3264K [0x00000000d5580000, 0x00000000dda00000, 0x0000000100000000)
  eden space 114688K, 0% used [0x00000000d5580000,0x00000000d5580000,0x00000000dc580000)
  from space 10240K, 31% used [0x00000000dc580000,0x00000000dc8b01c8,0x00000000dcf80000)
  to   space 8704K, 0% used [0x00000000dcf80000,0x00000000dcf80000,0x00000000dd800000)
 ParOldGen       total 50688K, used 19290K [0x0000000080000000, 0x0000000083180000, 0x00000000d5580000)
  object space 50688K, 38% used [0x0000000080000000,0x00000000812d6ad8,0x0000000083180000)
 Metaspace       used 35628K, capacity 37394K, committed 37504K, reserved 1085440K
  class space    used 4845K, capacity 5183K, committed 5248K, reserved 1048576K
}
Event: 6.108 GC heap before
{Heap before GC invocations=12 (full 3):
 PSYoungGen      total 124928K, used 3264K [0x00000000d5580000, 0x00000000dda00000, 0x0000000100000000)
  eden space 114688K, 0% used [0x00000000d5580000,0x00000000d5580000,0x00000000dc580000)
  from space 10240K, 31% used [0x00000000dc580000,0x00000000dc8b01c8,0x00000000dcf80000)
  to   space 8704K, 0% used [0x00000000dcf80000,0x00000000dcf80000,0x00000000dd800000)
 ParOldGen       total 50688K, used 19290K [0x0000000080000000, 0x0000000083180000, 0x00000000d5580000)
  object space 50688K, 38% used [0x0000000080000000,0x00000000812d6ad8,0x0000000083180000)
 Metaspace       used 35628K, capacity 37394K, committed 37504K, reserved 1085440K
  class space    used 4845K, capacity 5183K, committed 5248K, reserved 1048576K
Event: 6.268 GC heap after
Heap after GC invocations=12 (full 3):
 PSYoungGen      total 124928K, used 0K [0x00000000d5580000, 0x00000000dda00000, 0x0000000100000000)
  eden space 114688K, 0% used [0x00000000d5580000,0x00000000d5580000,0x00000000dc580000)
  from space 10240K, 0% used [0x00000000dc580000,0x00000000dc580000,0x00000000dcf80000)
  to   space 8704K, 0% used [0x00000000dcf80000,0x00000000dcf80000,0x00000000dd800000)
 ParOldGen       total 50688K, used 21606K [0x0000000080000000, 0x0000000083180000, 0x00000000d5580000)
  object space 50688K, 42% used [0x0000000080000000,0x0000000081519a68,0x0000000083180000)
 Metaspace       used 35628K, capacity 37394K, committed 37504K, reserved 1083392K
  class space    used 4845K, capacity 5183K, committed 5248K, reserved 1048576K
}

